e:\projects\game engine\spark\spark_core\bin\relese\intermediate\vc141.pdb
e:\projects\game engine\spark\spark_core\bin\relese\intermediate\main.obj
e:\projects\game engine\spark\spark_core\bin\relese\intermediate\static_spritecpp.obj
e:\projects\game engine\spark\spark_core\bin\relese\intermediate\sprite.obj
e:\projects\game engine\spark\spark_core\bin\relese\intermediate\simple2drenderer.obj
e:\projects\game engine\spark\spark_core\bin\relese\intermediate\batchrenderer2d.obj
e:\projects\game engine\spark\spark_core\bin\relese\intermediate\vec4.obj
e:\projects\game engine\spark\spark_core\bin\relese\intermediate\vec3.obj
e:\projects\game engine\spark\spark_core\bin\relese\intermediate\vec2.obj
e:\projects\game engine\spark\spark_core\bin\relese\intermediate\mat4.obj
e:\projects\game engine\spark\spark_core\bin\relese\intermediate\windows.obj
e:\projects\game engine\spark\spark_core\bin\relese\intermediate\vertexarray.obj
e:\projects\game engine\spark\spark_core\bin\relese\intermediate\buffer.obj
e:\projects\game engine\spark\spark_core\bin\relese\intermediate\shader.obj
e:\projects\game engine\spark\spark_core\bin\relese\intermediate\indexbuffer.obj
e:\projects\game engine\spark\spark_core\bin\relese\spark_core.exe
e:\projects\game engine\spark\spark_core\bin\relese\spark_core.pdb
e:\projects\game engine\spark\spark_core\bin\relese\spark_core.ipdb
e:\projects\game engine\spark\spark_core\bin\relese\spark_core.iobj
e:\projects\game engine\spark\spark_core\\bin\relese\spark_core.pdb
e:\projects\game engine\spark\spark_core\\bin\relese\spark_core.exe
e:\projects\game engine\spark\spark_core\bin\relese\intermediate\spark_core.tlog\cl.command.1.tlog
e:\projects\game engine\spark\spark_core\bin\relese\intermediate\spark_core.tlog\cl.read.1.tlog
e:\projects\game engine\spark\spark_core\bin\relese\intermediate\spark_core.tlog\cl.write.1.tlog
e:\projects\game engine\spark\spark_core\bin\relese\intermediate\spark_core.tlog\link.command.1.tlog
e:\projects\game engine\spark\spark_core\bin\relese\intermediate\spark_core.tlog\link.read.1.tlog
e:\projects\game engine\spark\spark_core\bin\relese\intermediate\spark_core.tlog\link.write.1.tlog
e:\projects\game engine\spark\spark_core\bin\relese\intermediate\spark_core.tlog\spark_core.write.1u.tlog
