C:\Program Files (x86)\Microsoft Visual Studio\2017\Community\Common7\IDE\VC\VCTargets\Microsoft.CppBuild.targets(377,5): warning MSB8004: Output Directory does not end with a trailing slash.  This build instance will add the slash as it is required to allow proper evaluation of the Output Directory.
  main.cpp
c:\program files (x86)\windows kits\10\include\10.0.17763.0\shared\minwindef.h(130): warning C4005: 'APIENTRY': macro redefinition
  e:\graphics projects\spark\spark_core\dependencies\glfw\include\glfw\glfw3.h(98): note: see previous definition of 'APIENTRY'
e:\graphics projects\spark\spark_core\spark_core\algorithm\circle.h(41): warning C4244: 'argument': conversion from 'int' to 'const float', possible loss of data
e:\graphics projects\spark\spark_core\spark_core\algorithm\circle.h(87): warning C4018: '<': signed/unsigned mismatch
e:\graphics projects\spark\spark_core\spark_core\algorithm\circle.h(88): warning C4244: 'argument': conversion from 'int' to 'const float', possible loss of data
e:\graphics projects\spark\spark_core\spark_core\algorithm\circle.h(105): warning C4244: 'argument': conversion from 'int' to 'const float', possible loss of data
e:\graphics projects\spark\spark_core\spark_core\algorithm\circle.h(108): warning C4018: '<': signed/unsigned mismatch
e:\graphics projects\spark\spark_core\spark_core\algorithm\lineh.h(45): warning C4244: 'argument': conversion from 'int' to 'const float', possible loss of data
e:\graphics projects\spark\spark_core\spark_core\algorithm\lineh.h(46): warning C4244: 'argument': conversion from 'int' to 'const float', possible loss of data
e:\graphics projects\spark\spark_core\spark_core\algorithm\lineh.h(65): warning C4244: 'argument': conversion from 'int' to 'const float', possible loss of data
e:\graphics projects\spark\spark_core\spark_core\algorithm\lineh.h(74): warning C4244: 'argument': conversion from 'int' to 'const float', possible loss of data
e:\graphics projects\spark\spark_core\spark_core\algorithm\lineh.h(82): warning C4244: 'argument': conversion from 'int' to 'const float', possible loss of data
e:\graphics projects\spark\spark_core\spark_core\algorithm\lineh.h(104): warning C4018: '<': signed/unsigned mismatch
e:\graphics projects\spark\spark_core\spark_core\algorithm\lineh.h(105): warning C4244: 'argument': conversion from 'int' to 'const float', possible loss of data
e:\graphics projects\spark\spark_core\spark_core\algorithm\lineh.h(113): warning C4244: 'argument': conversion from 'int' to 'const float', possible loss of data
e:\graphics projects\spark\spark_core\spark_core\algorithm\lineh.h(116): warning C4018: '<': signed/unsigned mismatch
e:\graphics projects\spark\spark_core\spark_core\main.cpp(89): warning C4244: 'argument': conversion from 'time_t' to 'unsigned int', possible loss of data
e:\graphics projects\spark\spark_core\spark_core\main.cpp(203): warning C4018: '<': signed/unsigned mismatch
LINK : warning LNK4098: defaultlib 'LIBCMT' conflicts with use of other libs; use /NODEFAULTLIB:library
  Generating code
  2 of 330 functions ( 0.6%) were compiled, the rest were copied from previous compilation.
    0 functions were new in current compilation
    0 functions had inline decision re-evaluated but remain unchanged
  Finished generating code
glew32s.lib(glew.obj) : warning LNK4099: PDB 'vc120.pdb' was not found with 'glew32s.lib(glew.obj)' or at 'E:\Graphics Projects\Spark\Spark_core\bin\relese\vc120.pdb'; linking object as if no debug info
  Spark_core.vcxproj -> E:\Graphics Projects\Spark\Spark_core\\bin\relese\Spark_core.exe
